app/build/intermediates/manifest_merge_blame_file/release/processReleaseMainManifest/manifest-merger-blame-release-report.txt
1<?xml version="1.0" encoding="utf-8"?>
2<manifest xmlns:android="http://schemas.android.com/apk/res/android"
3    package="com.metalsensor.gold.detector.finder"
4    android:versionCode="1"
5    android:versionName="1.0.0" >
6
7    <uses-sdk
8        android:minSdkVersion="23"
9        android:targetSdkVersion="34" />
10
11    <uses-permission android:name="com.google.android.gms.permission.AD_ID" />
11-->src\main\AndroidManifest.xml:5:5-79
11-->src\main\AndroidManifest.xml:5:22-76
12    <uses-permission android:name="android.permission.INTERNET" />
12-->src\main\AndroidManifest.xml:6:5-67
12-->src\main\AndroidManifest.xml:6:22-64
13    <uses-permission android:name="android.permission.ACCESS_NETWORK_STATE" />
13-->src\main\AndroidManifest.xml:7:5-79
13-->src\main\AndroidManifest.xml:7:22-76
14    <uses-permission android:name="android.permission.POST_NOTIFICATIONS" />
14-->src\main\AndroidManifest.xml:8:5-77
14-->src\main\AndroidManifest.xml:8:22-74
15    <uses-permission android:name="android.permission.VIBRATE" />
15-->src\main\AndroidManifest.xml:9:5-66
15-->src\main\AndroidManifest.xml:9:22-63
16    <uses-permission android:name="android.permission.CAMERA" />
16-->src\main\AndroidManifest.xml:10:5-65
16-->src\main\AndroidManifest.xml:10:22-62
17
18    <uses-feature
18-->src\main\AndroidManifest.xml:12:5-14:35
19        android:name="android.hardware.camera"
19-->src\main\AndroidManifest.xml:13:9-47
20        android:required="true" /> <!-- <uses-permission android:name="android.permission.READ_MEDIA_IMAGES" /> -->
20-->src\main\AndroidManifest.xml:14:9-32
21    <uses-feature
21-->src\main\AndroidManifest.xml:15:5-17:35
22        android:name="android.hardware.camera.flash"
22-->src\main\AndroidManifest.xml:16:9-53
23        android:required="true" />
23-->src\main\AndroidManifest.xml:17:9-32
24
25    <uses-permission android:name="android.permission.WAKE_LOCK" /> <!-- Required by older versions of Google Play services to create IID tokens -->
25-->[com.google.firebase:firebase-messaging:23.1.1] AndroidManifest.xml:26:5-68
25-->[com.google.firebase:firebase-messaging:23.1.1] AndroidManifest.xml:26:22-65
26    <uses-permission android:name="com.google.android.c2dm.permission.RECEIVE" />
26-->[com.google.firebase:firebase-messaging:23.1.1] AndroidManifest.xml:28:5-82
26-->[com.google.firebase:firebase-messaging:23.1.1] AndroidManifest.xml:28:22-79
27    <uses-permission android:name="com.google.android.finsky.permission.BIND_GET_INSTALL_REFERRER_SERVICE" />
27-->[com.google.android.gms:play-services-measurement:21.2.0] AndroidManifest.xml:26:5-110
27-->[com.google.android.gms:play-services-measurement:21.2.0] AndroidManifest.xml:26:22-107
28
29    <permission
29-->[androidx.core:core:1.13.1] AndroidManifest.xml:22:5-24:47
30        android:name="com.metalsensor.gold.detector.finder.DYNAMIC_RECEIVER_NOT_EXPORTED_PERMISSION"
30-->[androidx.core:core:1.13.1] AndroidManifest.xml:23:9-81
31        android:protectionLevel="signature" />
31-->[androidx.core:core:1.13.1] AndroidManifest.xml:24:9-44
32
33    <uses-permission android:name="com.metalsensor.gold.detector.finder.DYNAMIC_RECEIVER_NOT_EXPORTED_PERMISSION" />
33-->[androidx.core:core:1.13.1] AndroidManifest.xml:26:5-97
33-->[androidx.core:core:1.13.1] AndroidManifest.xml:26:22-94
34
35    <application
35-->src\main\AndroidManifest.xml:19:5-111:19
36        android:allowBackup="true"
36-->src\main\AndroidManifest.xml:20:9-35
37        android:appComponentFactory="androidx.core.app.CoreComponentFactory"
37-->[androidx.core:core:1.13.1] AndroidManifest.xml:28:18-86
38        android:dataExtractionRules="@xml/data_extraction_rules"
38-->src\main\AndroidManifest.xml:21:9-65
39        android:extractNativeLibs="false"
40        android:fullBackupContent="@xml/backup_rules"
40-->src\main\AndroidManifest.xml:22:9-54
41        android:icon="@mipmap/logo"
41-->src\main\AndroidManifest.xml:23:9-36
42        android:label="@string/app_name"
42-->src\main\AndroidManifest.xml:24:9-41
43        android:roundIcon="@mipmap/ic_launcher_round"
43-->src\main\AndroidManifest.xml:25:9-54
44        android:supportsRtl="true"
44-->src\main\AndroidManifest.xml:26:9-35
45        android:theme="@style/Theme.ST091_Metal_Detector" >
45-->src\main\AndroidManifest.xml:27:9-58
46        <activity
46-->src\main\AndroidManifest.xml:29:9-32:52
47            android:name="com.metalsensor.gold.detector.finder.ui.ResultActivity"
47-->src\main\AndroidManifest.xml:30:13-46
48            android:exported="false"
48-->src\main\AndroidManifest.xml:31:13-37
49            android:screenOrientation="portrait" />
49-->src\main\AndroidManifest.xml:32:13-49
50        <activity
50-->src\main\AndroidManifest.xml:33:9-36:52
51            android:name="com.metalsensor.gold.detector.finder.ui.AboutCoinActivity"
51-->src\main\AndroidManifest.xml:34:13-49
52            android:exported="false"
52-->src\main\AndroidManifest.xml:35:13-37
53            android:screenOrientation="portrait" />
53-->src\main\AndroidManifest.xml:36:13-49
54        <activity
54-->src\main\AndroidManifest.xml:37:9-40:52
55            android:name="com.metalsensor.gold.detector.finder.ui.InteractActivity"
55-->src\main\AndroidManifest.xml:38:13-48
56            android:exported="false"
56-->src\main\AndroidManifest.xml:39:13-37
57            android:screenOrientation="portrait" />
57-->src\main\AndroidManifest.xml:40:13-49
58        <activity
58-->src\main\AndroidManifest.xml:41:9-44:52
59            android:name="com.metalsensor.gold.detector.finder.ui.AboutActivity"
59-->src\main\AndroidManifest.xml:42:13-45
60            android:exported="false"
60-->src\main\AndroidManifest.xml:43:13-37
61            android:screenOrientation="portrait" />
61-->src\main\AndroidManifest.xml:44:13-49
62        <activity
62-->src\main\AndroidManifest.xml:45:9-48:52
63            android:name="com.metalsensor.gold.detector.finder.ui.GoldDetecterActivity"
63-->src\main\AndroidManifest.xml:46:13-52
64            android:exported="false"
64-->src\main\AndroidManifest.xml:47:13-37
65            android:screenOrientation="portrait" />
65-->src\main\AndroidManifest.xml:48:13-49
66        <activity
66-->src\main\AndroidManifest.xml:49:9-52:52
67            android:name="com.metalsensor.gold.detector.finder.ui.CoinrecognitionActivity"
67-->src\main\AndroidManifest.xml:50:13-55
68            android:exported="false"
68-->src\main\AndroidManifest.xml:51:13-37
69            android:screenOrientation="portrait" />
69-->src\main\AndroidManifest.xml:52:13-49
70
71        <service
71-->src\main\AndroidManifest.xml:54:9-64:19
72            android:name="com.metalsensor.gold.detector.finder.MyFirebaseMessagingService"
72-->src\main\AndroidManifest.xml:55:13-55
73            android:exported="false" >
73-->src\main\AndroidManifest.xml:56:13-37
74            <intent-filter>
74-->src\main\AndroidManifest.xml:57:13-63:29
75                <action android:name="com.google.firebase.MESSAGING_EVENT" />
75-->src\main\AndroidManifest.xml:58:17-78
75-->src\main\AndroidManifest.xml:58:25-75
76                <action android:name="android.intent.action.PICK" />
76-->src\main\AndroidManifest.xml:59:17-69
76-->src\main\AndroidManifest.xml:59:25-66
77
78                <category android:name="android.intent.category.DEFAULT" />
78-->src\main\AndroidManifest.xml:61:17-76
78-->src\main\AndroidManifest.xml:61:27-73
79                <category android:name="android.intent.category.OPENABLE" />
79-->src\main\AndroidManifest.xml:62:17-77
79-->src\main\AndroidManifest.xml:62:27-74
80            </intent-filter>
81        </service>
82
83        <activity
83-->src\main\AndroidManifest.xml:66:9-69:52
84            android:name="com.metalsensor.gold.detector.finder.ui.language.LanguageActivity"
84-->src\main\AndroidManifest.xml:67:13-57
85            android:exported="false"
85-->src\main\AndroidManifest.xml:68:13-37
86            android:screenOrientation="portrait" />
86-->src\main\AndroidManifest.xml:69:13-49
87        <activity
87-->src\main\AndroidManifest.xml:70:9-73:52
88            android:name="com.metalsensor.gold.detector.finder.ui.SelectThemeActivity"
88-->src\main\AndroidManifest.xml:71:13-51
89            android:exported="false"
89-->src\main\AndroidManifest.xml:72:13-37
90            android:screenOrientation="portrait" />
90-->src\main\AndroidManifest.xml:73:13-49
91        <activity
91-->src\main\AndroidManifest.xml:74:9-77:52
92            android:name="com.metalsensor.gold.detector.finder.ui.SettingActivity"
92-->src\main\AndroidManifest.xml:75:13-47
93            android:exported="false"
93-->src\main\AndroidManifest.xml:76:13-37
94            android:screenOrientation="portrait" />
94-->src\main\AndroidManifest.xml:77:13-49
95        <activity
95-->src\main\AndroidManifest.xml:78:9-81:52
96            android:name="com.metalsensor.gold.detector.finder.ui.MoreActivity"
96-->src\main\AndroidManifest.xml:79:13-44
97            android:exported="false"
97-->src\main\AndroidManifest.xml:80:13-37
98            android:screenOrientation="portrait" />
98-->src\main\AndroidManifest.xml:81:13-49
99        <activity
99-->src\main\AndroidManifest.xml:82:9-85:52
100            android:name="com.metalsensor.gold.detector.finder.ui.PermissionActivity"
100-->src\main\AndroidManifest.xml:83:13-50
101            android:exported="false"
101-->src\main\AndroidManifest.xml:84:13-37
102            android:screenOrientation="portrait" />
102-->src\main\AndroidManifest.xml:85:13-49
103        <activity
103-->src\main\AndroidManifest.xml:86:9-89:52
104            android:name="com.metalsensor.gold.detector.finder.ui.intro.IntroActivity"
104-->src\main\AndroidManifest.xml:87:13-51
105            android:exported="false"
105-->src\main\AndroidManifest.xml:88:13-37
106            android:screenOrientation="portrait" />
106-->src\main\AndroidManifest.xml:89:13-49
107        <activity
107-->src\main\AndroidManifest.xml:90:9-93:52
108            android:name="com.metalsensor.gold.detector.finder.ui.MetalDetectorActivity"
108-->src\main\AndroidManifest.xml:91:13-53
109            android:exported="false"
109-->src\main\AndroidManifest.xml:92:13-37
110            android:screenOrientation="portrait" />
110-->src\main\AndroidManifest.xml:93:13-49
111        <activity
111-->src\main\AndroidManifest.xml:94:9-97:52
112            android:name="com.metalsensor.gold.detector.finder.ui.HomeActivity"
112-->src\main\AndroidManifest.xml:95:13-44
113            android:exported="false"
113-->src\main\AndroidManifest.xml:96:13-37
114            android:screenOrientation="portrait" />
114-->src\main\AndroidManifest.xml:97:13-49
115        <activity
115-->src\main\AndroidManifest.xml:98:9-107:20
116            android:name="com.metalsensor.gold.detector.finder.ui.SplashActivity"
116-->src\main\AndroidManifest.xml:99:13-46
117            android:exported="true"
117-->src\main\AndroidManifest.xml:100:13-36
118            android:screenOrientation="portrait" >
118-->src\main\AndroidManifest.xml:101:13-49
119            <intent-filter>
119-->src\main\AndroidManifest.xml:102:13-106:29
120                <action android:name="android.intent.action.MAIN" />
120-->src\main\AndroidManifest.xml:103:17-69
120-->src\main\AndroidManifest.xml:103:25-66
121
122                <category android:name="android.intent.category.LAUNCHER" />
122-->src\main\AndroidManifest.xml:105:17-77
122-->src\main\AndroidManifest.xml:105:27-74
123            </intent-filter>
124        </activity>
125        <activity
125-->src\main\AndroidManifest.xml:108:9-110:39
126            android:name="com.metalsensor.gold.detector.finder.MainActivity"
126-->src\main\AndroidManifest.xml:109:13-41
127            android:exported="true" />
127-->src\main\AndroidManifest.xml:110:13-36
128
129        <service
129-->[androidx.camera:camera-camera2:1.5.0-alpha04] AndroidManifest.xml:24:9-33:19
130            android:name="androidx.camera.core.impl.MetadataHolderService"
130-->[androidx.camera:camera-camera2:1.5.0-alpha04] AndroidManifest.xml:25:13-75
131            android:enabled="false"
131-->[androidx.camera:camera-camera2:1.5.0-alpha04] AndroidManifest.xml:26:13-36
132            android:exported="false" >
132-->[androidx.camera:camera-camera2:1.5.0-alpha04] AndroidManifest.xml:27:13-37
133            <meta-data
133-->[androidx.camera:camera-camera2:1.5.0-alpha04] AndroidManifest.xml:30:13-32:89
134                android:name="androidx.camera.core.impl.MetadataHolderService.DEFAULT_CONFIG_PROVIDER"
134-->[androidx.camera:camera-camera2:1.5.0-alpha04] AndroidManifest.xml:31:17-103
135                android:value="androidx.camera.camera2.Camera2Config$DefaultProvider" />
135-->[androidx.camera:camera-camera2:1.5.0-alpha04] AndroidManifest.xml:32:17-86
136        </service>
137
138        <receiver
138-->[com.google.firebase:firebase-messaging:23.1.1] AndroidManifest.xml:31:9-38:20
139            android:name="com.google.firebase.iid.FirebaseInstanceIdReceiver"
139-->[com.google.firebase:firebase-messaging:23.1.1] AndroidManifest.xml:32:13-78
140            android:exported="true"
140-->[com.google.firebase:firebase-messaging:23.1.1] AndroidManifest.xml:33:13-36
141            android:permission="com.google.android.c2dm.permission.SEND" >
141-->[com.google.firebase:firebase-messaging:23.1.1] AndroidManifest.xml:34:13-73
142            <intent-filter>
142-->[com.google.firebase:firebase-messaging:23.1.1] AndroidManifest.xml:35:13-37:29
143                <action android:name="com.google.android.c2dm.intent.RECEIVE" />
143-->[com.google.firebase:firebase-messaging:23.1.1] AndroidManifest.xml:36:17-81
143-->[com.google.firebase:firebase-messaging:23.1.1] AndroidManifest.xml:36:25-78
144            </intent-filter>
145        </receiver>
146        <!--
147             FirebaseMessagingService performs security checks at runtime,
148             but set to not exported to explicitly avoid allowing another app to call it.
149        -->
150        <service
150-->[com.google.firebase:firebase-messaging:23.1.1] AndroidManifest.xml:44:9-51:19
151            android:name="com.google.firebase.messaging.FirebaseMessagingService"
151-->[com.google.firebase:firebase-messaging:23.1.1] AndroidManifest.xml:45:13-82
152            android:directBootAware="true"
152-->[com.google.firebase:firebase-messaging:23.1.1] AndroidManifest.xml:46:13-43
153            android:exported="false" >
153-->[com.google.firebase:firebase-messaging:23.1.1] AndroidManifest.xml:47:13-37
154            <intent-filter android:priority="-500" >
154-->[com.google.firebase:firebase-messaging:23.1.1] AndroidManifest.xml:48:13-50:29
154-->[com.google.firebase:firebase-messaging:23.1.1] AndroidManifest.xml:48:28-51
155                <action android:name="com.google.firebase.MESSAGING_EVENT" />
155-->src\main\AndroidManifest.xml:58:17-78
155-->src\main\AndroidManifest.xml:58:25-75
156            </intent-filter>
157        </service>
158        <service
158-->[com.google.firebase:firebase-messaging:23.1.1] AndroidManifest.xml:52:9-58:19
159            android:name="com.google.firebase.components.ComponentDiscoveryService"
159-->[com.google.firebase:firebase-messaging:23.1.1] AndroidManifest.xml:53:13-84
160            android:directBootAware="true"
160-->[com.google.firebase:firebase-common:20.2.0] AndroidManifest.xml:34:13-43
161            android:exported="false" >
161-->[com.google.firebase:firebase-messaging:23.1.1] AndroidManifest.xml:54:13-37
162            <meta-data
162-->[com.google.firebase:firebase-messaging:23.1.1] AndroidManifest.xml:55:13-57:85
163                android:name="com.google.firebase.components:com.google.firebase.messaging.FirebaseMessagingRegistrar"
163-->[com.google.firebase:firebase-messaging:23.1.1] AndroidManifest.xml:56:17-119
164                android:value="com.google.firebase.components.ComponentRegistrar" />
164-->[com.google.firebase:firebase-messaging:23.1.1] AndroidManifest.xml:57:17-82
165            <meta-data
165-->[com.google.firebase:firebase-config:21.2.0] AndroidManifest.xml:31:13-33:85
166                android:name="com.google.firebase.components:com.google.firebase.remoteconfig.RemoteConfigRegistrar"
166-->[com.google.firebase:firebase-config:21.2.0] AndroidManifest.xml:32:17-117
167                android:value="com.google.firebase.components.ComponentRegistrar" />
167-->[com.google.firebase:firebase-config:21.2.0] AndroidManifest.xml:33:17-82
168            <meta-data
168-->[com.google.firebase:firebase-crashlytics:18.3.2] AndroidManifest.xml:17:13-19:85
169                android:name="com.google.firebase.components:com.google.firebase.crashlytics.CrashlyticsRegistrar"
169-->[com.google.firebase:firebase-crashlytics:18.3.2] AndroidManifest.xml:18:17-115
170                android:value="com.google.firebase.components.ComponentRegistrar" />
170-->[com.google.firebase:firebase-crashlytics:18.3.2] AndroidManifest.xml:19:17-82
171            <meta-data
171-->[com.google.android.gms:play-services-measurement-api:21.2.0] AndroidManifest.xml:31:13-33:85
172                android:name="com.google.firebase.components:com.google.firebase.analytics.connector.internal.AnalyticsConnectorRegistrar"
172-->[com.google.android.gms:play-services-measurement-api:21.2.0] AndroidManifest.xml:32:17-139
173                android:value="com.google.firebase.components.ComponentRegistrar" />
173-->[com.google.android.gms:play-services-measurement-api:21.2.0] AndroidManifest.xml:33:17-82
174            <meta-data
174-->[com.google.firebase:firebase-abt:21.0.2] AndroidManifest.xml:13:13-15:85
175                android:name="com.google.firebase.components:com.google.firebase.abt.component.AbtRegistrar"
175-->[com.google.firebase:firebase-abt:21.0.2] AndroidManifest.xml:14:17-109
176                android:value="com.google.firebase.components.ComponentRegistrar" />
176-->[com.google.firebase:firebase-abt:21.0.2] AndroidManifest.xml:15:17-82
177            <meta-data
177-->[com.google.firebase:firebase-installations:17.1.0] AndroidManifest.xml:17:13-19:85
178                android:name="com.google.firebase.components:com.google.firebase.installations.FirebaseInstallationsRegistrar"
178-->[com.google.firebase:firebase-installations:17.1.0] AndroidManifest.xml:18:17-127
179                android:value="com.google.firebase.components.ComponentRegistrar" />
179-->[com.google.firebase:firebase-installations:17.1.0] AndroidManifest.xml:19:17-82
180            <meta-data
180-->[com.google.firebase:firebase-datatransport:18.1.7] AndroidManifest.xml:27:13-29:85
181                android:name="com.google.firebase.components:com.google.firebase.datatransport.TransportRegistrar"
181-->[com.google.firebase:firebase-datatransport:18.1.7] AndroidManifest.xml:28:17-115
182                android:value="com.google.firebase.components.ComponentRegistrar" />
182-->[com.google.firebase:firebase-datatransport:18.1.7] AndroidManifest.xml:29:17-82
183        </service>
184
185        <provider
185-->[com.google.firebase:firebase-common:20.2.0] AndroidManifest.xml:25:9-30:39
186            android:name="com.google.firebase.provider.FirebaseInitProvider"
186-->[com.google.firebase:firebase-common:20.2.0] AndroidManifest.xml:26:13-77
187            android:authorities="com.metalsensor.gold.detector.finder.firebaseinitprovider"
187-->[com.google.firebase:firebase-common:20.2.0] AndroidManifest.xml:27:13-72
188            android:directBootAware="true"
188-->[com.google.firebase:firebase-common:20.2.0] AndroidManifest.xml:28:13-43
189            android:exported="false"
189-->[com.google.firebase:firebase-common:20.2.0] AndroidManifest.xml:29:13-37
190            android:initOrder="100" />
190-->[com.google.firebase:firebase-common:20.2.0] AndroidManifest.xml:30:13-36
191
192        <activity
192-->[com.google.android.gms:play-services-base:18.0.1] AndroidManifest.xml:20:9-22:45
193            android:name="com.google.android.gms.common.api.GoogleApiActivity"
193-->[com.google.android.gms:play-services-base:18.0.1] AndroidManifest.xml:20:19-85
194            android:exported="false"
194-->[com.google.android.gms:play-services-base:18.0.1] AndroidManifest.xml:22:19-43
195            android:theme="@android:style/Theme.Translucent.NoTitleBar" />
195-->[com.google.android.gms:play-services-base:18.0.1] AndroidManifest.xml:21:19-78
196
197        <receiver
197-->[com.google.android.gms:play-services-measurement:21.2.0] AndroidManifest.xml:29:9-33:20
198            android:name="com.google.android.gms.measurement.AppMeasurementReceiver"
198-->[com.google.android.gms:play-services-measurement:21.2.0] AndroidManifest.xml:30:13-85
199            android:enabled="true"
199-->[com.google.android.gms:play-services-measurement:21.2.0] AndroidManifest.xml:31:13-35
200            android:exported="false" >
200-->[com.google.android.gms:play-services-measurement:21.2.0] AndroidManifest.xml:32:13-37
201        </receiver>
202
203        <service
203-->[com.google.android.gms:play-services-measurement:21.2.0] AndroidManifest.xml:35:9-38:40
204            android:name="com.google.android.gms.measurement.AppMeasurementService"
204-->[com.google.android.gms:play-services-measurement:21.2.0] AndroidManifest.xml:36:13-84
205            android:enabled="true"
205-->[com.google.android.gms:play-services-measurement:21.2.0] AndroidManifest.xml:37:13-35
206            android:exported="false" />
206-->[com.google.android.gms:play-services-measurement:21.2.0] AndroidManifest.xml:38:13-37
207        <service
207-->[com.google.android.gms:play-services-measurement:21.2.0] AndroidManifest.xml:39:9-43:72
208            android:name="com.google.android.gms.measurement.AppMeasurementJobService"
208-->[com.google.android.gms:play-services-measurement:21.2.0] AndroidManifest.xml:40:13-87
209            android:enabled="true"
209-->[com.google.android.gms:play-services-measurement:21.2.0] AndroidManifest.xml:41:13-35
210            android:exported="false"
210-->[com.google.android.gms:play-services-measurement:21.2.0] AndroidManifest.xml:42:13-37
211            android:permission="android.permission.BIND_JOB_SERVICE" />
211-->[com.google.android.gms:play-services-measurement:21.2.0] AndroidManifest.xml:43:13-69
212
213        <meta-data
213-->[com.google.android.gms:play-services-basement:18.1.0] AndroidManifest.xml:21:9-23:69
214            android:name="com.google.android.gms.version"
214-->[com.google.android.gms:play-services-basement:18.1.0] AndroidManifest.xml:22:13-58
215            android:value="@integer/google_play_services_version" />
215-->[com.google.android.gms:play-services-basement:18.1.0] AndroidManifest.xml:23:13-66
216
217        <provider
217-->[androidx.emoji2:emoji2:1.3.0] AndroidManifest.xml:24:9-32:20
218            android:name="androidx.startup.InitializationProvider"
218-->[androidx.emoji2:emoji2:1.3.0] AndroidManifest.xml:25:13-67
219            android:authorities="com.metalsensor.gold.detector.finder.androidx-startup"
219-->[androidx.emoji2:emoji2:1.3.0] AndroidManifest.xml:26:13-68
220            android:exported="false" >
220-->[androidx.emoji2:emoji2:1.3.0] AndroidManifest.xml:27:13-37
221            <meta-data
221-->[androidx.emoji2:emoji2:1.3.0] AndroidManifest.xml:29:13-31:52
222                android:name="androidx.emoji2.text.EmojiCompatInitializer"
222-->[androidx.emoji2:emoji2:1.3.0] AndroidManifest.xml:30:17-75
223                android:value="androidx.startup" />
223-->[androidx.emoji2:emoji2:1.3.0] AndroidManifest.xml:31:17-49
224            <meta-data
224-->[androidx.lifecycle:lifecycle-process:2.8.7] AndroidManifest.xml:29:13-31:52
225                android:name="androidx.lifecycle.ProcessLifecycleInitializer"
225-->[androidx.lifecycle:lifecycle-process:2.8.7] AndroidManifest.xml:30:17-78
226                android:value="androidx.startup" />
226-->[androidx.lifecycle:lifecycle-process:2.8.7] AndroidManifest.xml:31:17-49
227            <meta-data
227-->[androidx.profileinstaller:profileinstaller:1.3.1] AndroidManifest.xml:29:13-31:52
228                android:name="androidx.profileinstaller.ProfileInstallerInitializer"
228-->[androidx.profileinstaller:profileinstaller:1.3.1] AndroidManifest.xml:30:17-85
229                android:value="androidx.startup" />
229-->[androidx.profileinstaller:profileinstaller:1.3.1] AndroidManifest.xml:31:17-49
230        </provider>
231
232        <uses-library
232-->[androidx.window:window:1.0.0] AndroidManifest.xml:25:9-27:40
233            android:name="androidx.window.extensions"
233-->[androidx.window:window:1.0.0] AndroidManifest.xml:26:13-54
234            android:required="false" />
234-->[androidx.window:window:1.0.0] AndroidManifest.xml:27:13-37
235        <uses-library
235-->[androidx.window:window:1.0.0] AndroidManifest.xml:28:9-30:40
236            android:name="androidx.window.sidecar"
236-->[androidx.window:window:1.0.0] AndroidManifest.xml:29:13-51
237            android:required="false" />
237-->[androidx.window:window:1.0.0] AndroidManifest.xml:30:13-37
238
239        <receiver
239-->[androidx.profileinstaller:profileinstaller:1.3.1] AndroidManifest.xml:34:9-52:20
240            android:name="androidx.profileinstaller.ProfileInstallReceiver"
240-->[androidx.profileinstaller:profileinstaller:1.3.1] AndroidManifest.xml:35:13-76
241            android:directBootAware="false"
241-->[androidx.profileinstaller:profileinstaller:1.3.1] AndroidManifest.xml:36:13-44
242            android:enabled="true"
242-->[androidx.profileinstaller:profileinstaller:1.3.1] AndroidManifest.xml:37:13-35
243            android:exported="true"
243-->[androidx.profileinstaller:profileinstaller:1.3.1] AndroidManifest.xml:38:13-36
244            android:permission="android.permission.DUMP" >
244-->[androidx.profileinstaller:profileinstaller:1.3.1] AndroidManifest.xml:39:13-57
245            <intent-filter>
245-->[androidx.profileinstaller:profileinstaller:1.3.1] AndroidManifest.xml:40:13-42:29
246                <action android:name="androidx.profileinstaller.action.INSTALL_PROFILE" />
246-->[androidx.profileinstaller:profileinstaller:1.3.1] AndroidManifest.xml:41:17-91
246-->[androidx.profileinstaller:profileinstaller:1.3.1] AndroidManifest.xml:41:25-88
247            </intent-filter>
248            <intent-filter>
248-->[androidx.profileinstaller:profileinstaller:1.3.1] AndroidManifest.xml:43:13-45:29
249                <action android:name="androidx.profileinstaller.action.SKIP_FILE" />
249-->[androidx.profileinstaller:profileinstaller:1.3.1] AndroidManifest.xml:44:17-85
249-->[androidx.profileinstaller:profileinstaller:1.3.1] AndroidManifest.xml:44:25-82
250            </intent-filter>
251            <intent-filter>
251-->[androidx.profileinstaller:profileinstaller:1.3.1] AndroidManifest.xml:46:13-48:29
252                <action android:name="androidx.profileinstaller.action.SAVE_PROFILE" />
252-->[androidx.profileinstaller:profileinstaller:1.3.1] AndroidManifest.xml:47:17-88
252-->[androidx.profileinstaller:profileinstaller:1.3.1] AndroidManifest.xml:47:25-85
253            </intent-filter>
254            <intent-filter>
254-->[androidx.profileinstaller:profileinstaller:1.3.1] AndroidManifest.xml:49:13-51:29
255                <action android:name="androidx.profileinstaller.action.BENCHMARK_OPERATION" />
255-->[androidx.profileinstaller:profileinstaller:1.3.1] AndroidManifest.xml:50:17-95
255-->[androidx.profileinstaller:profileinstaller:1.3.1] AndroidManifest.xml:50:25-92
256            </intent-filter>
257        </receiver>
258
259        <service
259-->[com.google.android.datatransport:transport-backend-cct:3.1.8] AndroidManifest.xml:28:9-34:19
260            android:name="com.google.android.datatransport.runtime.backends.TransportBackendDiscovery"
260-->[com.google.android.datatransport:transport-backend-cct:3.1.8] AndroidManifest.xml:29:13-103
261            android:exported="false" >
261-->[com.google.android.datatransport:transport-backend-cct:3.1.8] AndroidManifest.xml:30:13-37
262            <meta-data
262-->[com.google.android.datatransport:transport-backend-cct:3.1.8] AndroidManifest.xml:31:13-33:39
263                android:name="backend:com.google.android.datatransport.cct.CctBackendFactory"
263-->[com.google.android.datatransport:transport-backend-cct:3.1.8] AndroidManifest.xml:32:17-94
264                android:value="cct" />
264-->[com.google.android.datatransport:transport-backend-cct:3.1.8] AndroidManifest.xml:33:17-36
265        </service>
266        <service
266-->[com.google.android.datatransport:transport-runtime:3.1.8] AndroidManifest.xml:26:9-30:19
267            android:name="com.google.android.datatransport.runtime.scheduling.jobscheduling.JobInfoSchedulerService"
267-->[com.google.android.datatransport:transport-runtime:3.1.8] AndroidManifest.xml:27:13-117
268            android:exported="false"
268-->[com.google.android.datatransport:transport-runtime:3.1.8] AndroidManifest.xml:28:13-37
269            android:permission="android.permission.BIND_JOB_SERVICE" >
269-->[com.google.android.datatransport:transport-runtime:3.1.8] AndroidManifest.xml:29:13-69
270        </service>
271
272        <receiver
272-->[com.google.android.datatransport:transport-runtime:3.1.8] AndroidManifest.xml:32:9-34:40
273            android:name="com.google.android.datatransport.runtime.scheduling.jobscheduling.AlarmManagerSchedulerBroadcastReceiver"
273-->[com.google.android.datatransport:transport-runtime:3.1.8] AndroidManifest.xml:33:13-132
274            android:exported="false" /> <!-- The activities will be merged into the manifest of the hosting app. -->
274-->[com.google.android.datatransport:transport-runtime:3.1.8] AndroidManifest.xml:34:13-37
275        <activity
275-->[com.google.android.play:core-common:2.0.2] AndroidManifest.xml:14:9-18:65
276            android:name="com.google.android.play.core.common.PlayCoreDialogWrapperActivity"
276-->[com.google.android.play:core-common:2.0.2] AndroidManifest.xml:15:13-93
277            android:exported="false"